<?xml version="1.0" encoding="UTF-8"?>
<!-- Generated by org.testng.reporters.JUnitReportReporter -->
<testsuite skipped="0" hostname="IND-Megha-PC" name="a" tests="1" failures="0" timestamp="2021-08-15T17:04:42 IST" time="0.008" errors="0">
  <testcase name="main" time="0.008" classname="a"/>
  <system-out/>
</testsuite> <!-- a -->
